# JRE version: Java(TM) SE Runtime Environment (10.0.1+10) (build 10.0.1+10)
# Java VM: Java HotSpot(TM) 64-Bit Server VM (10.0.1+10, mixed mode, tiered, compressed oops, g1 gc, windows-amd64)
Heap:
 garbage-first heap   total 317440K, used 67324K [0x00000006c1800000, 0x00000007c0000000)
  region size 1024K, 54 young (55296K), 3 survivors (3072K)
 Metaspace       used 29697K, capacity 30259K, committed 30720K, reserved 1077248K
  class space    used 3486K, capacity 3770K, committed 3840K, reserved 1048576K
GC Heap History (10 events):
Event: 0.837 GC heap before
{Heap before GC invocations=1 (full 0):
 garbage-first heap   total 262144K, used 14116K [0x00000006c1800000, 0x00000007c0000000)
  region size 1024K, 12 young (12288K), 2 survivors (2048K)
 Metaspace       used 20610K, capacity 21003K, committed 21296K, reserved 1069056K
  class space    used 2423K, capacity 2625K, committed 2688K, reserved 1048576K
}
Event: 0.844 GC heap after
{Heap after GC invocations=2 (full 0):
 garbage-first heap   total 262144K, used 6379K [0x00000006c1800000, 0x00000007c0000000)
  region size 1024K, 2 young (2048K), 2 survivors (2048K)
 Metaspace       used 20610K, capacity 21003K, committed 21296K, reserved 1069056K
  class space    used 2423K, capacity 2625K, committed 2688K, reserved 1048576K
}
Event: 0.849 GC heap before
{Heap before GC invocations=2 (full 0):
 garbage-first heap   total 262144K, used 6379K [0x00000006c1800000, 0x00000007c0000000)
  region size 1024K, 3 young (3072K), 2 survivors (2048K)
 Metaspace       used 20628K, capacity 21003K, committed 21296K, reserved 1069056K
  class space    used 2424K, capacity 2625K, committed 2688K, reserved 1048576K
}
Event: 0.855 GC heap after
{Heap after GC invocations=3 (full 0):
 garbage-first heap   total 262144K, used 6379K [0x00000006c1800000, 0x00000007c0000000)
  region size 1024K, 2 young (2048K), 2 survivors (2048K)
 Metaspace       used 20628K, capacity 21003K, committed 21296K, reserved 1069056K
  class space    used 2424K, capacity 2625K, committed 2688K, reserved 1048576K
}
Event: 1.337 GC heap before
{Heap before GC invocations=4 (full 0):
 garbage-first heap   total 262144K, used 34027K [0x00000006c1800000, 0x00000007c0000000)
  region size 1024K, 29 young (29696K), 2 survivors (2048K)
 Metaspace       used 23909K, capacity 24400K, committed 24704K, reserved 1071104K
  class space    used 2916K, capacity 3163K, committed 3200K, reserved 1048576K
}
Event: 1.344 GC heap after
{Heap after GC invocations=5 (full 0):
 garbage-first heap   total 262144K, used 8752K [0x00000006c1800000, 0x00000007c0000000)
  region size 1024K, 4 young (4096K), 4 survivors (4096K)
 Metaspace       used 23909K, capacity 24400K, committed 24704K, reserved 1071104K
  class space    used 2916K, capacity 3163K, committed 3200K, reserved 1048576K
}
Event: 1.522 GC heap before
{Heap before GC invocations=5 (full 0):
 garbage-first heap   total 262144K, used 48688K [0x00000006c1800000, 0x00000007c0000000)
  region size 1024K, 43 young (44032K), 4 survivors (4096K)
 Metaspace       used 24019K, capacity 24534K, committed 24960K, reserved 1071104K
  class space    used 2919K, capacity 3164K, committed 3200K, reserved 1048576K
}
Event: 1.529 GC heap after
{Heap after GC invocations=6 (full 0):
 garbage-first heap   total 317440K, used 9137K [0x00000006c1800000, 0x00000007c0000000)
  region size 1024K, 3 young (3072K), 3 survivors (3072K)
 Metaspace       used 24019K, capacity 24534K, committed 24960K, reserved 1071104K
  class space    used 2919K, capacity 3164K, committed 3200K, reserved 1048576K
}
Event: 1.724 GC heap before
{Heap before GC invocations=6 (full 0):
 garbage-first heap   total 317440K, used 67505K [0x00000006c1800000, 0x00000007c0000000)
  region size 1024K, 60 young (61440K), 3 survivors (3072K)
 Metaspace       used 24042K, capacity 24547K, committed 24960K, reserved 1071104K
  class space    used 2921K, capacity 3166K, committed 3200K, reserved 1048576K
}
Event: 1.729 GC heap after
{Heap after GC invocations=7 (full 0):
 garbage-first heap   total 317440K, used 8956K [0x00000006c1800000, 0x00000007c0000000)
  region size 1024K, 3 young (3072K), 3 survivors (3072K)
 Metaspace       used 24042K, capacity 24547K, committed 24960K, reserved 1071104K
  class space    used 2921K, capacity 3166K, committed 3200K, reserved 1048576K
}

