# JRE version: Java(TM) SE Runtime Environment (10.0.1+10) (build 10.0.1+10)
# Java VM: Java HotSpot(TM) 64-Bit Server VM (10.0.1+10, mixed mode, tiered, compressed oops, g1 gc, windows-amd64)
Heap:
 garbage-first heap   total 317440K, used 94399K [0x00000006c1800000, 0x00000007c0000000)
  region size 1024K, 80 young (81920K), 3 survivors (3072K)
 Metaspace       used 29989K, capacity 30547K, committed 31232K, reserved 1077248K
  class space    used 3474K, capacity 3738K, committed 3840K, reserved 1048576K
GC Heap History (10 events):
Event: 0.527 GC heap before
{Heap before GC invocations=0 (full 0):
 garbage-first heap   total 262144K, used 14336K [0x00000006c1800000, 0x00000007c0000000)
  region size 1024K, 14 young (14336K), 0 survivors (0K)
 Metaspace       used 16046K, capacity 16366K, committed 16768K, reserved 1064960K
  class space    used 1884K, capacity 2061K, committed 2176K, reserved 1048576K
}
Event: 0.533 GC heap after
{Heap after GC invocations=1 (full 0):
 garbage-first heap   total 262144K, used 3824K [0x00000006c1800000, 0x00000007c0000000)
  region size 1024K, 2 young (2048K), 2 survivors (2048K)
 Metaspace       used 16046K, capacity 16366K, committed 16768K, reserved 1064960K
  class space    used 1884K, capacity 2061K, committed 2176K, reserved 1048576K
}
Event: 0.849 GC heap before
{Heap before GC invocations=1 (full 0):
 garbage-first heap   total 262144K, used 13040K [0x00000006c1800000, 0x00000007c0000000)
  region size 1024K, 12 young (12288K), 2 survivors (2048K)
 Metaspace       used 20618K, capacity 20999K, committed 21296K, reserved 1069056K
  class space    used 2425K, capacity 2625K, committed 2688K, reserved 1048576K
}
Event: 0.859 GC heap after
{Heap after GC invocations=2 (full 0):
 garbage-first heap   total 262144K, used 6379K [0x00000006c1800000, 0x00000007c0000000)
  region size 1024K, 2 young (2048K), 2 survivors (2048K)
 Metaspace       used 20618K, capacity 20999K, committed 21296K, reserved 1069056K
  class space    used 2425K, capacity 2625K, committed 2688K, reserved 1048576K
}
Event: 1.316 GC heap before
{Heap before GC invocations=3 (full 0):
 garbage-first heap   total 262144K, used 31979K [0x00000006c1800000, 0x00000007c0000000)
  region size 1024K, 27 young (27648K), 2 survivors (2048K)
 Metaspace       used 23961K, capacity 24464K, committed 24960K, reserved 1071104K
  class space    used 2924K, capacity 3163K, committed 3200K, reserved 1048576K
}
Event: 1.325 GC heap after
{Heap after GC invocations=4 (full 0):
 garbage-first heap   total 262144K, used 8692K [0x00000006c1800000, 0x00000007c0000000)
  region size 1024K, 4 young (4096K), 4 survivors (4096K)
 Metaspace       used 23961K, capacity 24464K, committed 24960K, reserved 1071104K
  class space    used 2924K, capacity 3163K, committed 3200K, reserved 1048576K
}
Event: 1.485 GC heap before
{Heap before GC invocations=4 (full 0):
 garbage-first heap   total 262144K, used 44532K [0x00000006c1800000, 0x00000007c0000000)
  region size 1024K, 39 young (39936K), 4 survivors (4096K)
 Metaspace       used 24047K, capacity 24534K, committed 24960K, reserved 1071104K
  class space    used 2926K, capacity 3164K, committed 3200K, reserved 1048576K
}
Event: 1.490 GC heap after
{Heap after GC invocations=5 (full 0):
 garbage-first heap   total 262144K, used 9442K [0x00000006c1800000, 0x00000007c0000000)
  region size 1024K, 3 young (3072K), 3 survivors (3072K)
 Metaspace       used 24047K, capacity 24534K, committed 24960K, reserved 1071104K
  class space    used 2926K, capacity 3164K, committed 3200K, reserved 1048576K
}
Event: 1.665 GC heap before
{Heap before GC invocations=5 (full 0):
 garbage-first heap   total 262144K, used 58594K [0x00000006c1800000, 0x00000007c0000000)
  region size 1024K, 51 young (52224K), 3 survivors (3072K)
 Metaspace       used 24093K, capacity 24611K, committed 24960K, reserved 1071104K
  class space    used 2929K, capacity 3166K, committed 3200K, reserved 1048576K
}
Event: 1.670 GC heap after
{Heap after GC invocations=6 (full 0):
 garbage-first heap   total 317440K, used 9407K [0x00000006c1800000, 0x00000007c0000000)
  region size 1024K, 3 young (3072K), 3 survivors (3072K)
 Metaspace       used 24093K, capacity 24611K, committed 24960K, reserved 1071104K
  class space    used 2929K, capacity 3166K, committed 3200K, reserved 1048576K
}

